Arguments: 
  /usr/bin/node /usr/share/yarn/bin/yarn.js init

PATH: 
  /home/scott/.rbenv/shims:/home/scott/.local/share/umake/bin:/home/scott/.rbenv/shims:/home/scott/.rbenv/bin:/home/scott/bin:/home/scott/.local/bin:/home/scott/.npm-packages/bin:/home/scott/.local/share/umake/bin:/home/scott/.rbenv/shims:/home/scott/.rbenv/bin:/home/scott/bin:/home/scott/.local/bin:/usr/local/sbin:/usr/local/bin:/usr/sbin:/usr/bin:/sbin:/bin:/usr/games:/usr/local/games:/snap/bin:/home/scott/.rvm/bin:/snap/bin:/home/scott/.rvm/bin:/usr/bin:/usr/local/bin/:/home/scott/.config/composer/vendor/bin/:/home/scott/.rvm/bin

Yarn version: 
  1.3.2

Node version: 
  6.11.5

Platform: 
  linux x64

npm manifest: 
  {
    "name": "duchamp",
    "version": "0.0.0",
    "private": true,
    "scripts": {
      "start": "node ./bin/www"
    },
    "dependencies": {
      "body-parser": "~1.18.2",
      "cookie-parser": "~1.4.3",
      "debug": "~2.6.9",
      "dgram": "*",
      "express": "~4.15.5",
      "jade": "~1.11.0",
      "jquery": "^3.2.1",
      "morgan": "~1.9.0",
      "serve-favicon": "~2.4.5",
      "socket.io": "^2.0.4"
    }
  }

yarn manifest: 
  No manifest

Lockfile: 
  No lockfile

Trace: 
  Error: canceled
      at Interface.<anonymous> (/usr/share/yarn/lib/cli.js:121045:13)
      at emitNone (events.js:86:13)
      at Interface.emit (events.js:185:7)
      at Interface._ttyWrite (readline.js:724:16)
      at ReadStream.onkeypress (readline.js:119:10)
      at emitTwo (events.js:106:13)
      at ReadStream.emit (events.js:191:7)
      at emitKeys (internal/readline.js:389:14)
      at next (native)
      at ReadStream.onData (readline.js:970:36)
